Determining if the pthread_create exist failed with the following output:
Change Dir: /home/chris/mybot_ws/build/mybot_control/CMakeFiles/CMakeTmp

Run Build Command:"/usr/bin/make" "cmTC_02772/fast"
/usr/bin/make -f CMakeFiles/cmTC_02772.dir/build.make CMakeFiles/cmTC_02772.dir/build
make[1]: Entering directory '/home/chris/mybot_ws/build/mybot_control/CMakeFiles/CMakeTmp'
Building C object CMakeFiles/cmTC_02772.dir/CheckSymbolExists.c.o
/usr/bin/cc     -o CMakeFiles/cmTC_02772.dir/CheckSymbolExists.c.o   -c /home/chris/mybot_ws/build/mybot_control/CMakeFiles/CMakeTmp/CheckSymbolExists.c
Linking C executable cmTC_02772
/usr/bin/cmake -E cmake_link_script CMakeFiles/cmTC_02772.dir/link.txt --verbose=1
/usr/bin/cc       CMakeFiles/cmTC_02772.dir/CheckSymbolExists.c.o  -o cmTC_02772 -rdynamic 
CMakeFiles/cmTC_02772.dir/CheckSymbolExists.c.o: In function `main':
CheckSymbolExists.c:(.text+0x16): undefined reference to `pthread_create'
collect2: error: ld returned 1 exit status
CMakeFiles/cmTC_02772.dir/build.make:97: recipe for target 'cmTC_02772' failed
make[1]: *** [cmTC_02772] Error 1
make[1]: Leaving directory '/home/chris/mybot_ws/build/mybot_control/CMakeFiles/CMakeTmp'
Makefile:126: recipe for target 'cmTC_02772/fast' failed
make: *** [cmTC_02772/fast] Error 2

File /home/chris/mybot_ws/build/mybot_control/CMakeFiles/CMakeTmp/CheckSymbolExists.c:
/* */
#include <pthread.h>

int main(int argc, char** argv)
{
  (void)argv;
#ifndef pthread_create
  return ((int*)(&pthread_create))[argc];
#else
  (void)argc;
  return 0;
#endif
}

Determining if the function pthread_create exists in the pthreads failed with the following output:
Change Dir: /home/chris/mybot_ws/build/mybot_control/CMakeFiles/CMakeTmp

Run Build Command:"/usr/bin/make" "cmTC_76c3d/fast"
/usr/bin/make -f CMakeFiles/cmTC_76c3d.dir/build.make CMakeFiles/cmTC_76c3d.dir/build
make[1]: Entering directory '/home/chris/mybot_ws/build/mybot_control/CMakeFiles/CMakeTmp'
Building C object CMakeFiles/cmTC_76c3d.dir/CheckFunctionExists.c.o
/usr/bin/cc    -DCHECK_FUNCTION_EXISTS=pthread_create   -o CMakeFiles/cmTC_76c3d.dir/CheckFunctionExists.c.o   -c /usr/share/cmake-3.5/Modules/CheckFunctionExists.c
Linking C executable cmTC_76c3d
/usr/bin/cmake -E cmake_link_script CMakeFiles/cmTC_76c3d.dir/link.txt --verbose=1
/usr/bin/cc   -DCHECK_FUNCTION_EXISTS=pthread_create    CMakeFiles/cmTC_76c3d.dir/CheckFunctionExists.c.o  -o cmTC_76c3d -rdynamic -lpthreads 
/usr/bin/ld: cannot find -lpthreads
collect2: error: ld returned 1 exit status
CMakeFiles/cmTC_76c3d.dir/build.make:97: recipe for target 'cmTC_76c3d' failed
make[1]: *** [cmTC_76c3d] Error 1
make[1]: Leaving directory '/home/chris/mybot_ws/build/mybot_control/CMakeFiles/CMakeTmp'
Makefile:126: recipe for target 'cmTC_76c3d/fast' failed
make: *** [cmTC_76c3d/fast] Error 2


