Determining if the pthread_create exist failed with the following output:
Change Dir: /home/chris/mybot_ws/build/catkin_tools_prebuild/CMakeFiles/CMakeTmp

Run Build Command:"/usr/bin/make" "cmTC_c62eb/fast"
/usr/bin/make -f CMakeFiles/cmTC_c62eb.dir/build.make CMakeFiles/cmTC_c62eb.dir/build
make[1]: Entering directory '/home/chris/mybot_ws/build/catkin_tools_prebuild/CMakeFiles/CMakeTmp'
Building C object CMakeFiles/cmTC_c62eb.dir/CheckSymbolExists.c.o
/usr/bin/cc     -o CMakeFiles/cmTC_c62eb.dir/CheckSymbolExists.c.o   -c /home/chris/mybot_ws/build/catkin_tools_prebuild/CMakeFiles/CMakeTmp/CheckSymbolExists.c
Linking C executable cmTC_c62eb
/usr/bin/cmake -E cmake_link_script CMakeFiles/cmTC_c62eb.dir/link.txt --verbose=1
/usr/bin/cc       CMakeFiles/cmTC_c62eb.dir/CheckSymbolExists.c.o  -o cmTC_c62eb -rdynamic 
CMakeFiles/cmTC_c62eb.dir/CheckSymbolExists.c.o: In function `main':
CheckSymbolExists.c:(.text+0x16): undefined reference to `pthread_create'
collect2: error: ld returned 1 exit status
CMakeFiles/cmTC_c62eb.dir/build.make:97: recipe for target 'cmTC_c62eb' failed
make[1]: *** [cmTC_c62eb] Error 1
make[1]: Leaving directory '/home/chris/mybot_ws/build/catkin_tools_prebuild/CMakeFiles/CMakeTmp'
Makefile:126: recipe for target 'cmTC_c62eb/fast' failed
make: *** [cmTC_c62eb/fast] Error 2

File /home/chris/mybot_ws/build/catkin_tools_prebuild/CMakeFiles/CMakeTmp/CheckSymbolExists.c:
/* */
#include <pthread.h>

int main(int argc, char** argv)
{
  (void)argv;
#ifndef pthread_create
  return ((int*)(&pthread_create))[argc];
#else
  (void)argc;
  return 0;
#endif
}

Determining if the function pthread_create exists in the pthreads failed with the following output:
Change Dir: /home/chris/mybot_ws/build/catkin_tools_prebuild/CMakeFiles/CMakeTmp

Run Build Command:"/usr/bin/make" "cmTC_6210c/fast"
/usr/bin/make -f CMakeFiles/cmTC_6210c.dir/build.make CMakeFiles/cmTC_6210c.dir/build
make[1]: Entering directory '/home/chris/mybot_ws/build/catkin_tools_prebuild/CMakeFiles/CMakeTmp'
Building C object CMakeFiles/cmTC_6210c.dir/CheckFunctionExists.c.o
/usr/bin/cc    -DCHECK_FUNCTION_EXISTS=pthread_create   -o CMakeFiles/cmTC_6210c.dir/CheckFunctionExists.c.o   -c /usr/share/cmake-3.5/Modules/CheckFunctionExists.c
Linking C executable cmTC_6210c
/usr/bin/cmake -E cmake_link_script CMakeFiles/cmTC_6210c.dir/link.txt --verbose=1
/usr/bin/cc   -DCHECK_FUNCTION_EXISTS=pthread_create    CMakeFiles/cmTC_6210c.dir/CheckFunctionExists.c.o  -o cmTC_6210c -rdynamic -lpthreads 
/usr/bin/ld: cannot find -lpthreads
collect2: error: ld returned 1 exit status
CMakeFiles/cmTC_6210c.dir/build.make:97: recipe for target 'cmTC_6210c' failed
make[1]: *** [cmTC_6210c] Error 1
make[1]: Leaving directory '/home/chris/mybot_ws/build/catkin_tools_prebuild/CMakeFiles/CMakeTmp'
Makefile:126: recipe for target 'cmTC_6210c/fast' failed
make: *** [cmTC_6210c/fast] Error 2


