Determining if the pthread_create exist failed with the following output:
Change Dir: /home/chris/mybot_ws/build/mybot_description/CMakeFiles/CMakeTmp

Run Build Command:"/usr/bin/make" "cmTC_356bc/fast"
/usr/bin/make -f CMakeFiles/cmTC_356bc.dir/build.make CMakeFiles/cmTC_356bc.dir/build
make[1]: Entering directory '/home/chris/mybot_ws/build/mybot_description/CMakeFiles/CMakeTmp'
Building C object CMakeFiles/cmTC_356bc.dir/CheckSymbolExists.c.o
/usr/bin/cc     -o CMakeFiles/cmTC_356bc.dir/CheckSymbolExists.c.o   -c /home/chris/mybot_ws/build/mybot_description/CMakeFiles/CMakeTmp/CheckSymbolExists.c
Linking C executable cmTC_356bc
/usr/bin/cmake -E cmake_link_script CMakeFiles/cmTC_356bc.dir/link.txt --verbose=1
/usr/bin/cc       CMakeFiles/cmTC_356bc.dir/CheckSymbolExists.c.o  -o cmTC_356bc -rdynamic 
CMakeFiles/cmTC_356bc.dir/CheckSymbolExists.c.o: In function `main':
CheckSymbolExists.c:(.text+0x16): undefined reference to `pthread_create'
collect2: error: ld returned 1 exit status
CMakeFiles/cmTC_356bc.dir/build.make:97: recipe for target 'cmTC_356bc' failed
make[1]: *** [cmTC_356bc] Error 1
make[1]: Leaving directory '/home/chris/mybot_ws/build/mybot_description/CMakeFiles/CMakeTmp'
Makefile:126: recipe for target 'cmTC_356bc/fast' failed
make: *** [cmTC_356bc/fast] Error 2

File /home/chris/mybot_ws/build/mybot_description/CMakeFiles/CMakeTmp/CheckSymbolExists.c:
/* */
#include <pthread.h>

int main(int argc, char** argv)
{
  (void)argv;
#ifndef pthread_create
  return ((int*)(&pthread_create))[argc];
#else
  (void)argc;
  return 0;
#endif
}

Determining if the function pthread_create exists in the pthreads failed with the following output:
Change Dir: /home/chris/mybot_ws/build/mybot_description/CMakeFiles/CMakeTmp

Run Build Command:"/usr/bin/make" "cmTC_123c5/fast"
/usr/bin/make -f CMakeFiles/cmTC_123c5.dir/build.make CMakeFiles/cmTC_123c5.dir/build
make[1]: Entering directory '/home/chris/mybot_ws/build/mybot_description/CMakeFiles/CMakeTmp'
Building C object CMakeFiles/cmTC_123c5.dir/CheckFunctionExists.c.o
/usr/bin/cc    -DCHECK_FUNCTION_EXISTS=pthread_create   -o CMakeFiles/cmTC_123c5.dir/CheckFunctionExists.c.o   -c /usr/share/cmake-3.5/Modules/CheckFunctionExists.c
Linking C executable cmTC_123c5
/usr/bin/cmake -E cmake_link_script CMakeFiles/cmTC_123c5.dir/link.txt --verbose=1
/usr/bin/cc   -DCHECK_FUNCTION_EXISTS=pthread_create    CMakeFiles/cmTC_123c5.dir/CheckFunctionExists.c.o  -o cmTC_123c5 -rdynamic -lpthreads 
/usr/bin/ld: cannot find -lpthreads
collect2: error: ld returned 1 exit status
CMakeFiles/cmTC_123c5.dir/build.make:97: recipe for target 'cmTC_123c5' failed
make[1]: *** [cmTC_123c5] Error 1
make[1]: Leaving directory '/home/chris/mybot_ws/build/mybot_description/CMakeFiles/CMakeTmp'
Makefile:126: recipe for target 'cmTC_123c5/fast' failed
make: *** [cmTC_123c5/fast] Error 2


