Symlinking /home/chris/mybot_ws/devel/include/teeterbot_gazebo/NudgeTeeterbot.h
Symlinking /home/chris/mybot_ws/devel/include/teeterbot_gazebo/MotorControlConfig.h
Symlinking /home/chris/mybot_ws/devel/include/teeterbot_gazebo/NudgeTeeterbotRequest.h
Symlinking /home/chris/mybot_ws/devel/include/teeterbot_gazebo/NudgeTeeterbotResponse.h
Symlinking /home/chris/mybot_ws/devel/lib/libteeterbot_gazebo_plugin.so
Symlinking /home/chris/mybot_ws/devel/lib/pkgconfig/teeterbot_gazebo.pc
Symlinking /home/chris/mybot_ws/devel/lib/python2.7/dist-packages/teeterbot_gazebo/__init__.py
Symlinking /home/chris/mybot_ws/devel/lib/python2.7/dist-packages/teeterbot_gazebo/srv/__init__.py
Symlinking /home/chris/mybot_ws/devel/lib/python2.7/dist-packages/teeterbot_gazebo/srv/_NudgeTeeterbot.py
Symlinking /home/chris/mybot_ws/devel/lib/python2.7/dist-packages/teeterbot_gazebo/cfg/__init__.py
Symlinking /home/chris/mybot_ws/devel/lib/python2.7/dist-packages/teeterbot_gazebo/cfg/MotorControlConfig.py
Symlinking /home/chris/mybot_ws/devel/share/teeterbot_gazebo/cmake/teeterbot_gazebo-msg-paths.cmake
Symlinking /home/chris/mybot_ws/devel/share/teeterbot_gazebo/cmake/teeterbot_gazebo-msg-extras.cmake
Symlinking /home/chris/mybot_ws/devel/share/teeterbot_gazebo/cmake/teeterbot_gazeboConfig-version.cmake
Symlinking /home/chris/mybot_ws/devel/share/teeterbot_gazebo/cmake/teeterbot_gazeboConfig.cmake
Symlinking /home/chris/mybot_ws/devel/share/teeterbot_gazebo/docs/MotorControlConfig.dox
Symlinking /home/chris/mybot_ws/devel/share/teeterbot_gazebo/docs/MotorControlConfig.wikidoc
Symlinking /home/chris/mybot_ws/devel/share/teeterbot_gazebo/docs/MotorControlConfig-usage.dox
Symlinking /home/chris/mybot_ws/devel/share/gennodejs/ros/teeterbot_gazebo/_index.js
Symlinking /home/chris/mybot_ws/devel/share/gennodejs/ros/teeterbot_gazebo/srv/NudgeTeeterbot.js
Symlinking /home/chris/mybot_ws/devel/share/gennodejs/ros/teeterbot_gazebo/srv/_index.js
Symlinking /home/chris/mybot_ws/devel/share/roseus/ros/teeterbot_gazebo/manifest.l
Symlinking /home/chris/mybot_ws/devel/share/roseus/ros/teeterbot_gazebo/srv/NudgeTeeterbot.l
Symlinking /home/chris/mybot_ws/devel/share/common-lisp/ros/teeterbot_gazebo/srv/teeterbot_gazebo-srv.asd
Symlinking /home/chris/mybot_ws/devel/share/common-lisp/ros/teeterbot_gazebo/srv/NudgeTeeterbot.lisp
Symlinking /home/chris/mybot_ws/devel/share/common-lisp/ros/teeterbot_gazebo/srv/_package_NudgeTeeterbot.lisp
Symlinking /home/chris/mybot_ws/devel/share/common-lisp/ros/teeterbot_gazebo/srv/_package.lisp
